c:\users\administrator\desktop\qt\liulangqi\liulangqi\x64\release\qrc_liulangqi.obj
c:\users\administrator\desktop\qt\liulangqi\liulangqi\x64\release\main.obj
c:\users\administrator\desktop\qt\liulangqi\liulangqi\x64\release\liulangqi.obj
c:\users\administrator\desktop\qt\liulangqi\liulangqi\x64\release\moc_liulangqi.obj
c:\users\administrator\desktop\qt\liulangqi\liulangqi\generatedfiles\release\moc_liulangqi.cpp
c:\users\administrator\desktop\qt\liulangqi\liulangqi\generatedfiles\ui_liulangqi.h
c:\users\administrator\desktop\qt\liulangqi\liulangqi\generatedfiles\qrc_liulangqi.cpp
c:\users\administrator\desktop\qt\liulangqi\x64\debug\liulangqi.exe
c:\users\administrator\desktop\qt\liulangqi\liulangqi\x64\release\liulangqi.res
c:\users\administrator\desktop\qt\liulangqi\liulangqi\..\x64\debug\liulangqi.exe
c:\users\administrator\desktop\qt\liulangqi\liulangqi\x64\release\liulangqi.tlog\cl.command.1.tlog
c:\users\administrator\desktop\qt\liulangqi\liulangqi\x64\release\liulangqi.tlog\cl.read.1.tlog
c:\users\administrator\desktop\qt\liulangqi\liulangqi\x64\release\liulangqi.tlog\cl.write.1.tlog
c:\users\administrator\desktop\qt\liulangqi\liulangqi\x64\release\liulangqi.tlog\custombuild.command.1.tlog
c:\users\administrator\desktop\qt\liulangqi\liulangqi\x64\release\liulangqi.tlog\custombuild.read.1.tlog
c:\users\administrator\desktop\qt\liulangqi\liulangqi\x64\release\liulangqi.tlog\custombuild.write.1.tlog
c:\users\administrator\desktop\qt\liulangqi\liulangqi\x64\release\liulangqi.tlog\link.command.1.tlog
c:\users\administrator\desktop\qt\liulangqi\liulangqi\x64\release\liulangqi.tlog\link.read.1.tlog
c:\users\administrator\desktop\qt\liulangqi\liulangqi\x64\release\liulangqi.tlog\link.write.1.tlog
c:\users\administrator\desktop\qt\liulangqi\liulangqi\x64\release\liulangqi.tlog\rc.command.1.tlog
c:\users\administrator\desktop\qt\liulangqi\liulangqi\x64\release\liulangqi.tlog\rc.read.1.tlog
c:\users\administrator\desktop\qt\liulangqi\liulangqi\x64\release\liulangqi.tlog\rc.write.1.tlog
