e:\qt_project\gl_study\gl_study\x64\debug\vc140.pdb
e:\qt_project\gl_study\gl_study\x64\debug\main_window.obj
e:\qt_project\gl_study\gl_study\x64\debug\main.obj
e:\qt_project\gl_study\gl_study\x64\debug\gl_study.obj
e:\qt_project\gl_study\gl_study\x64\debug\moc_main_window.obj
e:\qt_project\gl_study\gl_study\x64\debug\moc_gl_study.obj
e:\qt_project\gl_study\gl_study\x64\debug\qrc_gl_study.obj
e:\qt_project\gl_study\gl_study\generatedfiles\debug\moc_gl_study.cpp
e:\qt_project\gl_study\gl_study\generatedfiles\ui_gl_study.h
e:\qt_project\gl_study\gl_study\generatedfiles\debug\moc_main_window.cpp
e:\qt_project\gl_study\gl_study\generatedfiles\qrc_gl_study.cpp
e:\qt_project\gl_study\gl_study\generatedfiles\ui_main_window.h
e:\qt_project\gl_study\gl_study\x64\debug\gl_study.res
e:\qt_project\gl_study\x64\debug\gl_study.pdb
e:\qt_project\gl_study\gl_study\x64\debug\gl_study.tlog\cl.command.1.tlog
e:\qt_project\gl_study\gl_study\x64\debug\gl_study.tlog\cl.read.1.tlog
e:\qt_project\gl_study\gl_study\x64\debug\gl_study.tlog\cl.write.1.tlog
e:\qt_project\gl_study\gl_study\x64\debug\gl_study.tlog\custombuild.command.1.tlog
e:\qt_project\gl_study\gl_study\x64\debug\gl_study.tlog\custombuild.read.1.tlog
e:\qt_project\gl_study\gl_study\x64\debug\gl_study.tlog\custombuild.write.1.tlog
e:\qt_project\gl_study\gl_study\x64\debug\gl_study.tlog\link-cvtres.read.1.tlog
e:\qt_project\gl_study\gl_study\x64\debug\gl_study.tlog\link-cvtres.write.1.tlog
e:\qt_project\gl_study\gl_study\x64\debug\gl_study.tlog\link-rc.read.1.tlog
e:\qt_project\gl_study\gl_study\x64\debug\gl_study.tlog\link-rc.write.1.tlog
e:\qt_project\gl_study\gl_study\x64\debug\gl_study.tlog\link.command.1.tlog
e:\qt_project\gl_study\gl_study\x64\debug\gl_study.tlog\link.read.1.tlog
e:\qt_project\gl_study\gl_study\x64\debug\gl_study.tlog\link.write.1.tlog
e:\qt_project\gl_study\gl_study\x64\debug\gl_study.tlog\rc.command.1.tlog
e:\qt_project\gl_study\gl_study\x64\debug\gl_study.tlog\rc.read.1.tlog
e:\qt_project\gl_study\gl_study\x64\debug\gl_study.tlog\rc.write.1.tlog
